.
README.md
content
content/assignments
content/labs
content/labs/2013
content/labs/2016
content/lessons
content/lessons/2013
content/resources.md
content/review
content/review/2013
content/review/2013/review.md
content/review/2013/review2.md
content/review/2013/review4.md
content/review/2013/review6.md
content/review/review1.md
content/review/review2.md
content/review/review3.md
content/review/review4.md
content/review/review5.md
content/review/review6.md
content/schedule.md
content/syllabus.md
content/tips.md
css
css/app.css
css/bootstrap3
css/bootstrap3/bootstrap-glyphicons.css
css/bootstrap3/bootstrap.css
css/bootstrap3/bootstrap.min.css
css/fonts
css/fonts/glyphiconshalflings-regular.eot
css/fonts/glyphiconshalflings-regular.otf
css/fonts/glyphiconshalflings-regular.svg
css/fonts/glyphiconshalflings-regular.ttf
css/fonts/glyphiconshalflings-regular.woff
index.html
js
js/app.js
js/controllers.js
lib
lib/angular
lib/angular/angular-resource.min.js
lib/angular/angular.min.js
lib/bootstrap3
lib/bootstrap3/bootstrap.js
lib/bootstrap3/bootstrap.min.js
lib/jquery
lib/jquery/jquery-2.0.3.min.js
lib/showdown
lib/showdown/showdown.min.js
lib/underscore
lib/underscore/underscore.min.js
navigation.json
partials
partials/home.html
partials/labs.html
partials/lesson.html
partials/menu.html
partials/navigation.html
