content/labs/1.md
content/labs/2.md
content/labs/2013/1.md
content/labs/2013/10.md
content/labs/2013/11.md
content/labs/2013/12.md
content/labs/2013/2.md
content/labs/2013/3.md
content/labs/2013/4.md
content/labs/2013/5.md
content/labs/2013/6.md
content/labs/2013/7.md
content/labs/2013/8.md
content/labs/2013/9.md
content/lessons/2013/1.md
content/lessons/2013/2.md
content/lessons/2013/3.md
content/lessons/2013/4.md
content/lessons/2013/5.md
content/lessons/2013/6.md
content/review/2013/review2.md
content/review/2013/review4.md
content/review/2013/review6.md
content/review/review1.md
content/review/review2.md
content/review/review3.md
content/review/review4.md
content/review/review5.md
content/review/review6.md
