README.md
backup
css
css/app.css
css/bootstrap3
css/bootstrap3/bootstrap-glyphicons.css
css/bootstrap3/bootstrap.css
css/bootstrap3/bootstrap.min.css
css/fonts
css/fonts/glyphiconshalflings-regular.eot
css/fonts/glyphiconshalflings-regular.otf
css/fonts/glyphiconshalflings-regular.svg
css/fonts/glyphiconshalflings-regular.ttf
css/fonts/glyphiconshalflings-regular.woff
index.html
js
js/app.js
js/controllers.js
lib
lib/angular
lib/angular/angular-resource.min.js
lib/angular/angular.min.js
lib/bootstrap3
lib/bootstrap3/bootstrap.js
lib/bootstrap3/bootstrap.min.js
lib/jquery
lib/jquery/jquery-2.0.3.min.js
lib/showdown
lib/showdown/showdown.min.js
lib/underscore
lib/underscore/underscore.min.js
navigation.json
partials
partials/home.html
partials/labs.html
partials/lesson.html
partials/menu.html
partials/navigation.html
