./css/app.css
./css/bootstrap3/bootstrap-glyphicons.css
./css/bootstrap3/bootstrap.css
./css/bootstrap3/bootstrap.min.css
./css/fonts/glyphiconshalflings-regular.eot
./css/fonts/glyphiconshalflings-regular.otf
./css/fonts/glyphiconshalflings-regular.svg
./css/fonts/glyphiconshalflings-regular.ttf
./css/fonts/glyphiconshalflings-regular.woff
./index.html
./js/app.js
./js/controllers.js
./lib/angular/angular-resource.min.js
./lib/angular/angular.min.js
./lib/bootstrap3/bootstrap.js
./lib/bootstrap3/bootstrap.min.js
./lib/jquery/jquery-2.0.3.min.js
./lib/showdown/showdown.min.js
./lib/underscore/underscore.min.js
./navigation.json
./partials/home.html
./partials/labs.html
./partials/lesson.html
./partials/menu.html
./partials/navigation.html
