









	margin-right: 5px;
	margin-top: 2px;
        transform:rotate(0deg);
        transform:rotate(360deg);
    -moz-animation-duration: 4000ms;
    -moz-animation-iteration-count: infinite;
    -moz-animation-name: spin;
    -moz-animation-timing-function: linear;
    -ms-animation-duration: 4000ms;
    -ms-animation-iteration-count: infinite;
    -ms-animation-name: spin;
    -ms-animation-timing-function: linear;
    -webkit-animation-duration: 4000ms;
    -webkit-animation-iteration-count: infinite;
    -webkit-animation-name: spin;
    -webkit-animation-timing-function: linear;
    animation-duration: 4000ms;
    animation-iteration-count: infinite;
    animation-name: spin;
    animation-timing-function: linear;
    background-color: transparent;
    border-bottom: 1px solid #C4C4C4;
    border: none; }
    from {
    from { -moz-transform: rotate(0deg); }
    from { -ms-transform: rotate(0deg); }
    from { -webkit-transform: rotate(0deg); }
    height: 16px;
    margin: 20px 0px;
    padding-bottom: 6px;
    to {
    to { -moz-transform: rotate(360deg); }
    to { -ms-transform: rotate(360deg); }
    to { -webkit-transform: rotate(360deg); }
    width: 14px;
    }
    }
  background-color: #f8f8f8;
  background-color: #f8f8f8;
  background-color: #f8f8f8;
  background: transparent; }
  border-radius: 3px; }
  border-radius: 3px; }
  border-radius: 3px; }
  border: 1px solid #cccccc;
  border: 1px solid #cccccc;
  border: 1px solid #eaeaea;
  border: none;
  color: black;
  font-size: 13px;
  font-size: 13px;
  line-height: 19px;
  line-height: 19px;
  margin: 0 2px;
  margin: 0;
  overflow: auto;
  overflow: auto;
  padding: 0 5px;
  padding: 0;
  padding: 6px 10px;
  padding: 6px 10px;
  pre code, pre tt {
  white-space: nowrap;
  white-space: pre;
 background: rgba(255, 255, 255, 0.80);
 margin: 0px 15px;
.col-lg-3, .col-lg-8 {
.frosted {
.highlight pre {
.label-margin-right {
.spin {
/* http://jsfiddle.net/gaby/9Ryvs/7/   http://stackoverflow.com/questions/14859322/css3-spin-animation   */
@-moz-keyframes spin {
@-ms-keyframes spin {
@-webkit-keyframes spin {
@keyframes spin {
code, tt {
h3 {
pre code {
pre {
}
}
}
}
}
}
}
}
}
